# JRE version: OpenJDK Runtime Environment (11.0.13) (build 11.0.13+0-b1751.21-8125866)
# Java VM: OpenJDK 64-Bit Server VM (11.0.13+0-b1751.21-8125866, mixed mode, tiered, compressed oops, g1 gc, windows-amd64)
Heap:
 garbage-first heap   total 264192K, used 202711K [0x0000000080000000, 0x0000000100000000)
  region size 1024K, 18 young (18432K), 2 survivors (2048K)
 Metaspace       used 138598K, capacity 142429K, committed 142544K, reserved 1173504K
  class space    used 17481K, capacity 18771K, committed 18816K, reserved 1048576K
GC Heap History (20 events):
Event: 2044.395 GC heap before
{Heap before GC invocations=331 (full 0):
 garbage-first heap   total 264192K, used 230402K [0x0000000080000000, 0x0000000100000000)
  region size 1024K, 43 young (44032K), 1 survivors (1024K)
 Metaspace       used 135825K, capacity 139431K, committed 139728K, reserved 1171456K
  class space    used 17216K, capacity 18455K, committed 18560K, reserved 1048576K
}
Event: 2044.398 GC heap after
{Heap after GC invocations=332 (full 0):
 garbage-first heap   total 264192K, used 187520K [0x0000000080000000, 0x0000000100000000)
  region size 1024K, 1 young (1024K), 1 survivors (1024K)
 Metaspace       used 135825K, capacity 139431K, committed 139728K, reserved 1171456K
  class space    used 17216K, capacity 18455K, committed 18560K, reserved 1048576K
}
Event: 2044.878 GC heap before
{Heap before GC invocations=332 (full 0):
 garbage-first heap   total 264192K, used 230528K [0x0000000080000000, 0x0000000100000000)
  region size 1024K, 43 young (44032K), 1 survivors (1024K)
 Metaspace       used 135826K, capacity 139431K, committed 139728K, reserved 1171456K
  class space    used 17216K, capacity 18455K, committed 18560K, reserved 1048576K
}
Event: 2044.881 GC heap after
{Heap after GC invocations=333 (full 0):
 garbage-first heap   total 264192K, used 187580K [0x0000000080000000, 0x0000000100000000)
  region size 1024K, 1 young (1024K), 1 survivors (1024K)
 Metaspace       used 135826K, capacity 139431K, committed 139728K, reserved 1171456K
  class space    used 17216K, capacity 18455K, committed 18560K, reserved 1048576K
}
Event: 2051.001 GC heap before
{Heap before GC invocations=334 (full 0):
 garbage-first heap   total 264192K, used 230588K [0x0000000080000000, 0x0000000100000000)
  region size 1024K, 44 young (45056K), 1 survivors (1024K)
 Metaspace       used 136798K, capacity 140549K, committed 140752K, reserved 1171456K
  class space    used 17314K, capacity 18538K, committed 18560K, reserved 1048576K
}
Event: 2051.008 GC heap after
{Heap after GC invocations=335 (full 0):
 garbage-first heap   total 264192K, used 188647K [0x0000000080000000, 0x0000000100000000)
  region size 1024K, 4 young (4096K), 4 survivors (4096K)
 Metaspace       used 136798K, capacity 140549K, committed 140752K, reserved 1171456K
  class space    used 17314K, capacity 18538K, committed 18560K, reserved 1048576K
}
Event: 2063.603 GC heap before
{Heap before GC invocations=335 (full 0):
 garbage-first heap   total 264192K, used 229607K [0x0000000080000000, 0x0000000100000000)
  region size 1024K, 45 young (46080K), 4 survivors (4096K)
 Metaspace       used 136933K, capacity 140590K, committed 140752K, reserved 1171456K
  class space    used 17322K, capacity 18544K, committed 18560K, reserved 1048576K
}
Event: 2063.626 GC heap after
{Heap after GC invocations=336 (full 0):
 garbage-first heap   total 264192K, used 190046K [0x0000000080000000, 0x0000000100000000)
  region size 1024K, 2 young (2048K), 2 survivors (2048K)
 Metaspace       used 136933K, capacity 140590K, committed 140752K, reserved 1171456K
  class space    used 17322K, capacity 18544K, committed 18560K, reserved 1048576K
}
Event: 2081.672 GC heap before
{Heap before GC invocations=337 (full 0):
 garbage-first heap   total 264192K, used 228958K [0x0000000080000000, 0x0000000100000000)
  region size 1024K, 42 young (43008K), 2 survivors (2048K)
 Metaspace       used 137036K, capacity 140674K, committed 140752K, reserved 1171456K
  class space    used 17323K, capacity 18545K, committed 18560K, reserved 1048576K
}
Event: 2081.680 GC heap after
{Heap after GC invocations=338 (full 0):
 garbage-first heap   total 264192K, used 190473K [0x0000000080000000, 0x0000000100000000)
  region size 1024K, 3 young (3072K), 3 survivors (3072K)
 Metaspace       used 137036K, capacity 140674K, committed 140752K, reserved 1171456K
  class space    used 17323K, capacity 18545K, committed 18560K, reserved 1048576K
}
Event: 2084.992 GC heap before
{Heap before GC invocations=338 (full 0):
 garbage-first heap   total 264192K, used 198665K [0x0000000080000000, 0x0000000100000000)
  region size 1024K, 12 young (12288K), 3 survivors (3072K)
 Metaspace       used 137087K, capacity 140754K, committed 141008K, reserved 1171456K
  class space    used 17323K, capacity 18545K, committed 18560K, reserved 1048576K
}
Event: 2085.010 GC heap after
{Heap after GC invocations=339 (full 0):
 garbage-first heap   total 264192K, used 187615K [0x0000000080000000, 0x0000000100000000)
  region size 1024K, 1 young (1024K), 1 survivors (1024K)
 Metaspace       used 137087K, capacity 140754K, committed 141008K, reserved 1171456K
  class space    used 17323K, capacity 18545K, committed 18560K, reserved 1048576K
}
Event: 2092.745 GC heap before
{Heap before GC invocations=339 (full 0):
 garbage-first heap   total 264192K, used 228575K [0x0000000080000000, 0x0000000100000000)
  region size 1024K, 42 young (43008K), 1 survivors (1024K)
 Metaspace       used 137480K, capacity 141194K, committed 141392K, reserved 1171456K
  class space    used 17357K, capacity 18577K, committed 18688K, reserved 1048576K
}
Event: 2092.753 GC heap after
{Heap after GC invocations=340 (full 0):
 garbage-first heap   total 264192K, used 190268K [0x0000000080000000, 0x0000000100000000)
  region size 1024K, 4 young (4096K), 4 survivors (4096K)
 Metaspace       used 137480K, capacity 141194K, committed 141392K, reserved 1171456K
  class space    used 17357K, capacity 18577K, committed 18688K, reserved 1048576K
}
Event: 2096.461 GC heap before
{Heap before GC invocations=341 (full 0):
 garbage-first heap   total 264192K, used 228156K [0x0000000080000000, 0x0000000100000000)
  region size 1024K, 42 young (43008K), 4 survivors (4096K)
 Metaspace       used 137627K, capacity 141422K, committed 141648K, reserved 1173504K
  class space    used 17367K, capacity 18586K, committed 18688K, reserved 1048576K
}
Event: 2096.475 GC heap after
{Heap after GC invocations=342 (full 0):
 garbage-first heap   total 264192K, used 191950K [0x0000000080000000, 0x0000000100000000)
  region size 1024K, 5 young (5120K), 5 survivors (5120K)
 Metaspace       used 137627K, capacity 141422K, committed 141648K, reserved 1173504K
  class space    used 17367K, capacity 18586K, committed 18688K, reserved 1048576K
}
Event: 2096.866 GC heap before
{Heap before GC invocations=342 (full 0):
 garbage-first heap   total 264192K, used 199118K [0x0000000080000000, 0x0000000100000000)
  region size 1024K, 12 young (12288K), 5 survivors (5120K)
 Metaspace       used 137805K, capacity 141623K, committed 141904K, reserved 1173504K
  class space    used 17396K, capacity 18653K, committed 18688K, reserved 1048576K
}
Event: 2096.928 GC heap after
{Heap after GC invocations=343 (full 0):
 garbage-first heap   total 264192K, used 187834K [0x0000000080000000, 0x0000000100000000)
  region size 1024K, 1 young (1024K), 1 survivors (1024K)
 Metaspace       used 137805K, capacity 141623K, committed 141904K, reserved 1173504K
  class space    used 17396K, capacity 18653K, committed 18688K, reserved 1048576K
}
Event: 2105.143 GC heap before
{Heap before GC invocations=343 (full 0):
 garbage-first heap   total 264192K, used 227770K [0x0000000080000000, 0x0000000100000000)
  region size 1024K, 42 young (43008K), 1 survivors (1024K)
 Metaspace       used 138505K, capacity 142391K, committed 142544K, reserved 1173504K
  class space    used 17469K, capacity 18739K, committed 18816K, reserved 1048576K
}
Event: 2105.167 GC heap after
{Heap after GC invocations=344 (full 0):
 garbage-first heap   total 264192K, used 188375K [0x0000000080000000, 0x0000000100000000)
  region size 1024K, 2 young (2048K), 2 survivors (2048K)
 Metaspace       used 138505K, capacity 142391K, committed 142544K, reserved 1173504K
  class space    used 17469K, capacity 18739K, committed 18816K, reserved 1048576K
}

